[2026-01-14T17:08:11.766Z] [INFO] POST /sync {
  "statusCode": 500,
  "userAgent": "okhttp/4.12.0",
  "ip": "::ffff:10.134.161.248",
  "duration": "1156ms",
  "contentLength": "33"
}
[2026-01-14T17:09:12.549Z] [INFO] POST /sync {
  "statusCode": 500,
  "userAgent": "okhttp/4.12.0",
  "ip": "::ffff:10.134.161.248",
  "duration": "5ms",
  "contentLength": "33"
}
[2026-01-14T17:21:40.876Z] [INFO] POST /sync {
  "statusCode": 500,
  "userAgent": "okhttp/4.12.0",
  "ip": "10.134.161.248",
  "duration": "1042ms",
  "contentLength": "33"
}
[2026-01-14T17:30:11.376Z] [INFO] POST /sync {
  "statusCode": 500,
  "userAgent": "okhttp/4.12.0",
  "ip": "10.134.161.248",
  "duration": "1069ms",
  "contentLength": "33"
}
[2026-01-14T17:30:57.486Z] [INFO] POST /sync {
  "statusCode": 500,
  "userAgent": "okhttp/4.12.0",
  "ip": "10.134.161.248",
  "duration": "4ms",
  "contentLength": "33"
}
[2026-01-14T17:41:23.948Z] [INFO] GET / {
  "statusCode": 200,
  "userAgent": "Mozilla/5.0 (Windows NT; Windows NT 10.0; en-IN) WindowsPowerShell/5.1.26100.7462",
  "ip": "10.134.161.22",
  "duration": "9ms",
  "contentLength": "41"
}
[2026-01-14T17:49:05.483Z] [INFO] GET / {
  "statusCode": 200,
  "userAgent": "Mozilla/5.0 (Windows NT; Windows NT 10.0; en-IN) WindowsPowerShell/5.1.26100.7462",
  "ip": "10.134.161.22",
  "duration": "5ms",
  "contentLength": "41"
}
[2026-01-14T17:49:49.550Z] [INFO] GET / {
  "statusCode": 200,
  "userAgent": "Mozilla/5.0 (Windows NT; Windows NT 10.0; en-IN) WindowsPowerShell/5.1.26100.7462",
  "ip": "10.134.161.22",
  "duration": "2ms",
  "contentLength": "41"
}
[2026-01-14T17:52:02.715Z] [INFO] POST /sync {
  "statusCode": 500,
  "userAgent": "okhttp/4.12.0",
  "ip": "10.134.161.248",
  "duration": "727ms",
  "contentLength": "33"
}
[2026-01-14T17:52:12.225Z] [INFO] POST /sync {
  "statusCode": 500,
  "userAgent": "okhttp/4.12.0",
  "ip": "10.134.161.248",
  "duration": "4ms",
  "contentLength": "33"
}
[2026-01-14T17:56:10.318Z] [INFO] POST /sync {
  "statusCode": 500,
  "userAgent": "okhttp/4.12.0",
  "ip": "10.134.161.248",
  "duration": "609ms",
  "contentLength": "33"
}
[2026-01-14T18:28:16.673Z] [INFO] GET /health {
  "statusCode": 200,
  "userAgent": "Mozilla/5.0 (Windows NT; Windows NT 10.0; en-IN) WindowsPowerShell/5.1.26100.7462",
  "ip": "10.134.161.22",
  "duration": "7ms",
  "contentLength": "189"
}
[2026-01-14T18:30:57.335Z] [INFO] POST /sync {
  "statusCode": 500,
  "userAgent": "okhttp/4.12.0",
  "ip": "10.134.161.248",
  "duration": "724ms",
  "contentLength": "33"
}
[2026-01-14T18:32:03.467Z] [INFO] POST /sync {
  "statusCode": 500,
  "userAgent": "okhttp/4.12.0",
  "ip": "10.134.161.248",
  "duration": "3ms",
  "contentLength": "33"
}
[2026-01-14T18:32:03.601Z] [INFO] POST /sync {
  "statusCode": 500,
  "userAgent": "okhttp/4.12.0",
  "ip": "10.134.161.248",
  "duration": "3ms",
  "contentLength": "33"
}
[2026-01-14T18:39:30.127Z] [INFO] GET /health {
  "statusCode": 200,
  "userAgent": "okhttp/4.12.0",
  "ip": "10.134.161.248",
  "duration": "7ms",
  "contentLength": "189"
}
[2026-01-14T18:39:31.563Z] [INFO] POST /sync {
  "statusCode": 500,
  "userAgent": "okhttp/4.12.0",
  "ip": "10.134.161.248",
  "duration": "669ms",
  "contentLength": "138"
}
[2026-01-14T18:42:00.250Z] [INFO] GET /health {
  "statusCode": 200,
  "userAgent": "okhttp/4.12.0",
  "ip": "10.134.161.248",
  "duration": "6ms",
  "contentLength": "188"
}
[2026-01-14T18:42:01.690Z] [INFO] POST /sync {
  "statusCode": 500,
  "userAgent": "okhttp/4.12.0",
  "ip": "10.134.161.248",
  "duration": "665ms",
  "contentLength": "138"
}
[2026-01-14T18:42:27.470Z] [INFO] GET /health {
  "statusCode": 200,
  "userAgent": "okhttp/4.12.0",
  "ip": "10.134.161.248",
  "duration": "1ms",
  "contentLength": "188"
}
[2026-01-14T18:42:27.474Z] [INFO] GET /health {
  "statusCode": 200,
  "userAgent": "okhttp/4.12.0",
  "ip": "10.134.161.248",
  "duration": "1ms",
  "contentLength": "188"
}
[2026-01-14T18:42:27.885Z] [INFO] POST /sync {
  "statusCode": 500,
  "userAgent": "okhttp/4.12.0",
  "ip": "10.134.161.248",
  "duration": "6ms",
  "contentLength": "138"
}
[2026-01-14T18:42:28.083Z] [INFO] POST /sync {
  "statusCode": 500,
  "userAgent": "okhttp/4.12.0",
  "ip": "10.134.161.248",
  "duration": "6ms",
  "contentLength": "138"
}
[2026-01-14T18:44:03.432Z] [INFO] GET /health {
  "statusCode": 200,
  "userAgent": "Mozilla/5.0 (Windows NT; Windows NT 10.0; en-IN) WindowsPowerShell/5.1.26100.7462",
  "ip": "10.134.161.22",
  "duration": "8ms",
  "contentLength": "188"
}
[2026-01-14T18:49:38.103Z] [INFO] GET /health {
  "statusCode": 200,
  "userAgent": "okhttp/4.12.0",
  "ip": "10.134.161.248",
  "duration": "10ms",
  "contentLength": "189"
}
[2026-01-14T18:49:39.639Z] [INFO] POST /sync {
  "statusCode": 500,
  "userAgent": "okhttp/4.12.0",
  "ip": "10.134.161.248",
  "duration": "818ms",
  "contentLength": "138"
}
[2026-01-14T18:49:42.098Z] [INFO] POST /sync {
  "statusCode": 500,
  "userAgent": "okhttp/4.12.0",
  "ip": "10.134.161.248",
  "duration": "10ms",
  "contentLength": "138"
}
[2026-01-14T18:49:46.560Z] [INFO] POST /sync {
  "statusCode": 500,
  "userAgent": "okhttp/4.12.0",
  "ip": "10.134.161.248",
  "duration": "9ms",
  "contentLength": "138"
}
[2026-01-14T18:50:33.702Z] [INFO] GET /health {
  "statusCode": 200,
  "userAgent": "okhttp/4.12.0",
  "ip": "10.134.161.248",
  "duration": "1ms",
  "contentLength": "189"
}
[2026-01-14T18:50:33.721Z] [INFO] GET /health {
  "statusCode": 200,
  "userAgent": "okhttp/4.12.0",
  "ip": "10.134.161.248",
  "duration": "1ms",
  "contentLength": "189"
}
[2026-01-14T18:50:34.293Z] [INFO] POST /sync {
  "statusCode": 500,
  "userAgent": "okhttp/4.12.0",
  "ip": "10.134.161.248",
  "duration": "18ms",
  "contentLength": "138"
}
[2026-01-14T18:50:34.310Z] [INFO] POST /sync {
  "statusCode": 500,
  "userAgent": "okhttp/4.12.0",
  "ip": "10.134.161.248",
  "duration": "14ms",
  "contentLength": "138"
}
[2026-01-14T18:50:36.895Z] [INFO] POST /sync {
  "statusCode": 500,
  "userAgent": "okhttp/4.12.0",
  "ip": "10.134.161.248",
  "duration": "16ms",
  "contentLength": "138"
}
[2026-01-14T18:50:36.915Z] [INFO] POST /sync {
  "statusCode": 500,
  "userAgent": "okhttp/4.12.0",
  "ip": "10.134.161.248",
  "duration": "11ms",
  "contentLength": "138"
}
[2026-01-14T18:50:41.345Z] [INFO] POST /sync {
  "statusCode": 500,
  "userAgent": "okhttp/4.12.0",
  "ip": "10.134.161.248",
  "duration": "7ms",
  "contentLength": "138"
}
[2026-01-14T18:50:41.406Z] [INFO] POST /sync {
  "statusCode": 500,
  "userAgent": "okhttp/4.12.0",
  "ip": "10.134.161.248",
  "duration": "10ms",
  "contentLength": "138"
}
[2026-01-14T18:55:16.896Z] [INFO] GET /health {
  "statusCode": 200,
  "userAgent": "okhttp/4.12.0",
  "ip": "10.134.161.248",
  "duration": "10ms",
  "contentLength": "185"
}
[2026-01-14T18:55:21.049Z] [INFO] POST /sync {
  "statusCode": 500,
  "userAgent": "okhttp/4.12.0",
  "ip": "10.134.161.248",
  "duration": "2982ms",
  "contentLength": "138"
}
[2026-01-14T18:55:25.811Z] [INFO] POST /sync {
  "statusCode": 500,
  "userAgent": "okhttp/4.12.0",
  "ip": "10.134.161.248",
  "duration": "2323ms",
  "contentLength": "138"
}
[2026-01-14T18:55:32.440Z] [INFO] POST /sync {
  "statusCode": 500,
  "userAgent": "okhttp/4.12.0",
  "ip": "10.134.161.248",
  "duration": "2165ms",
  "contentLength": "138"
}
[2026-01-14T18:55:42.068Z] [INFO] GET /health {
  "statusCode": 200,
  "userAgent": "Mozilla/5.0 (Windows NT; Windows NT 10.0; en-IN) WindowsPowerShell/5.1.26100.7462",
  "ip": "10.134.161.22",
  "duration": "1ms",
  "contentLength": "188"
}
[2026-01-14T18:56:09.049Z] [INFO] GET /health {
  "statusCode": 200,
  "userAgent": "Mozilla/5.0 (Windows NT; Windows NT 10.0; en-IN) WindowsPowerShell/5.1.26100.7462",
  "ip": "10.134.161.22",
  "duration": "2ms",
  "contentLength": "189"
}
[2026-01-14T18:56:36.930Z] [INFO] GET /health {
  "statusCode": 200,
  "userAgent": "okhttp/4.12.0",
  "ip": "10.134.161.248",
  "duration": "2ms",
  "contentLength": "189"
}
[2026-01-14T18:56:39.960Z] [INFO] POST /sync {
  "statusCode": 500,
  "userAgent": "okhttp/4.12.0",
  "ip": "10.134.161.248",
  "duration": "2025ms",
  "contentLength": "138"
}
[2026-01-14T18:56:44.418Z] [INFO] POST /sync {
  "statusCode": 500,
  "userAgent": "okhttp/4.12.0",
  "ip": "10.134.161.248",
  "duration": "2044ms",
  "contentLength": "138"
}
[2026-01-14T18:56:50.905Z] [INFO] POST /sync {
  "statusCode": 500,
  "userAgent": "okhttp/4.12.0",
  "ip": "10.134.161.248",
  "duration": "2015ms",
  "contentLength": "138"
}
[2026-01-14T18:57:13.524Z] [INFO] GET /health {
  "statusCode": 200,
  "userAgent": "Mozilla/5.0 (Windows NT; Windows NT 10.0; en-IN) WindowsPowerShell/5.1.26100.7462",
  "ip": "10.134.161.22",
  "duration": "1ms",
  "contentLength": "189"
}
[2026-01-14T18:58:40.970Z] [INFO] GET /health {
  "statusCode": 200,
  "userAgent": "okhttp/4.12.0",
  "ip": "10.134.161.248",
  "duration": "12ms",
  "contentLength": "188"
}
[2026-01-14T18:58:44.618Z] [INFO] POST /sync {
  "statusCode": 500,
  "userAgent": "okhttp/4.12.0",
  "ip": "10.134.161.248",
  "duration": "2962ms",
  "contentLength": "138"
}
[2026-01-14T18:58:48.933Z] [INFO] POST /sync {
  "statusCode": 500,
  "userAgent": "okhttp/4.12.0",
  "ip": "10.134.161.248",
  "duration": "1872ms",
  "contentLength": "138"
}
[2026-01-14T18:58:55.519Z] [INFO] POST /sync {
  "statusCode": 500,
  "userAgent": "okhttp/4.12.0",
  "ip": "10.134.161.248",
  "duration": "1975ms",
  "contentLength": "138"
}
[2026-01-14T19:02:34.358Z] [INFO] GET /health {
  "statusCode": 200,
  "userAgent": "Mozilla/5.0 (Windows NT; Windows NT 10.0; en-IN) WindowsPowerShell/5.1.26100.7462",
  "ip": "10.134.161.22",
  "duration": "12ms",
  "contentLength": "188"
}
[2026-01-14T19:04:50.196Z] [INFO] GET /health {
  "statusCode": 200,
  "userAgent": "okhttp/4.12.0",
  "ip": "10.134.161.248",
  "duration": "4ms",
  "contentLength": "189"
}
[2026-01-14T19:04:52.031Z] [INFO] POST /sync {
  "statusCode": 200,
  "userAgent": "okhttp/4.12.0",
  "ip": "10.134.161.248",
  "duration": "1224ms",
  "contentLength": "201"
}
[2026-01-14T19:04:52.673Z] [INFO] GET /users {
  "statusCode": 200,
  "userAgent": "okhttp/4.12.0",
  "ip": "10.134.161.248",
  "duration": "127ms",
  "contentLength": "483"
}
[2026-01-14T19:05:53.757Z] [INFO] GET /health {
  "statusCode": 200,
  "userAgent": "okhttp/4.12.0",
  "ip": "10.134.161.186",
  "duration": "2ms",
  "contentLength": "189"
}
[2026-01-14T19:05:53.771Z] [INFO] GET /health {
  "statusCode": 200,
  "userAgent": "okhttp/4.12.0",
  "ip": "10.134.161.186",
  "duration": "3ms",
  "contentLength": "189"
}
[2026-01-14T19:05:54.651Z] [INFO] POST /sync {
  "statusCode": 200,
  "userAgent": "okhttp/4.12.0",
  "ip": "10.134.161.186",
  "duration": "206ms",
  "contentLength": "201"
}
[2026-01-14T19:05:54.936Z] [INFO] POST /sync {
  "statusCode": 200,
  "userAgent": "okhttp/4.12.0",
  "ip": "10.134.161.186",
  "duration": "471ms",
  "contentLength": "201"
}
[2026-01-14T19:05:55.230Z] [INFO] GET /users {
  "statusCode": 200,
  "userAgent": "okhttp/4.12.0",
  "ip": "10.134.161.186",
  "duration": "112ms",
  "contentLength": "633"
}
[2026-01-14T19:06:50.832Z] [INFO] GET /health {
  "statusCode": 200,
  "userAgent": "okhttp/4.12.0",
  "ip": "10.134.161.186",
  "duration": "2ms",
  "contentLength": "189"
}
[2026-01-14T19:06:51.585Z] [INFO] POST /sync {
  "statusCode": 200,
  "userAgent": "okhttp/4.12.0",
  "ip": "10.134.161.186",
  "duration": "227ms",
  "contentLength": "201"
}
[2026-01-14T19:06:52.204Z] [INFO] GET /users {
  "statusCode": 200,
  "userAgent": "okhttp/4.12.0",
  "ip": "10.134.161.186",
  "duration": "110ms",
  "contentLength": "633"
}
